  stdafx.cpp
E:\MedLaunch\Sincerely\zoom-sdk-windows-master\zoom-sdk-windows-master\demo\DuiLib\include\Core\UIManager.h(45,2): warning C4091: 'typedef ': ignored on left of 'DuiLib::EVENTTYPE_UI' when no variable is declared
  AnnotateBarWindow.cpp
E:\MedLaunch\Sincerely\zoom-sdk-windows-master\zoom-sdk-windows-master\demo\DuiLib\include\Core\UIManager.h(45,2): warning C4091: 'typedef ': ignored on left of 'DuiLib::EVENTTYPE_UI' when no variable is declared
  AnnotateClearWindow.cpp
E:\MedLaunch\Sincerely\zoom-sdk-windows-master\zoom-sdk-windows-master\demo\DuiLib\include\Core\UIManager.h(45,2): warning C4091: 'typedef ': ignored on left of 'DuiLib::EVENTTYPE_UI' when no variable is declared
  AnnotateDrawWindow.cpp
E:\MedLaunch\Sincerely\zoom-sdk-windows-master\zoom-sdk-windows-master\demo\DuiLib\include\Core\UIManager.h(45,2): warning C4091: 'typedef ': ignored on left of 'DuiLib::EVENTTYPE_UI' when no variable is declared
  AnnotateFormatWindow.cpp
E:\MedLaunch\Sincerely\zoom-sdk-windows-master\zoom-sdk-windows-master\demo\DuiLib\include\Core\UIManager.h(45,2): warning C4091: 'typedef ': ignored on left of 'DuiLib::EVENTTYPE_UI' when no variable is declared
  AnnotateSpolightWindow.cpp
E:\MedLaunch\Sincerely\zoom-sdk-windows-master\zoom-sdk-windows-master\demo\DuiLib\include\Core\UIManager.h(45,2): warning C4091: 'typedef ': ignored on left of 'DuiLib::EVENTTYPE_UI' when no variable is declared
  AnnotateStampWindow.cpp
E:\MedLaunch\Sincerely\zoom-sdk-windows-master\zoom-sdk-windows-master\demo\DuiLib\include\Core\UIManager.h(45,2): warning C4091: 'typedef ': ignored on left of 'DuiLib::EVENTTYPE_UI' when no variable is declared
  arrow_window.cpp
E:\MedLaunch\Sincerely\zoom-sdk-windows-master\zoom-sdk-windows-master\demo\DuiLib\include\Core\UIManager.h(45,2): warning C4091: 'typedef ': ignored on left of 'DuiLib::EVENTTYPE_UI' when no variable is declared
  CameraControlWindow.cpp
E:\MedLaunch\Sincerely\zoom-sdk-windows-master\zoom-sdk-windows-master\demo\DuiLib\include\Core\UIManager.h(45,2): warning C4091: 'typedef ': ignored on left of 'DuiLib::EVENTTYPE_UI' when no variable is declared
  chat_controller_ui.cpp
E:\MedLaunch\Sincerely\zoom-sdk-windows-master\zoom-sdk-windows-master\demo\DuiLib\include\Core\UIManager.h(45,2): warning C4091: 'typedef ': ignored on left of 'DuiLib::EVENTTYPE_UI' when no variable is declared
  chat_controller_workflow.cpp
E:\MedLaunch\Sincerely\zoom-sdk-windows-master\zoom-sdk-windows-master\demo\DuiLib\include\Core\UIManager.h(45,2): warning C4091: 'typedef ': ignored on left of 'DuiLib::EVENTTYPE_UI' when no variable is declared
  close_caption_ui.cpp
E:\MedLaunch\Sincerely\zoom-sdk-windows-master\zoom-sdk-windows-master\demo\DuiLib\include\Core\UIManager.h(45,2): warning C4091: 'typedef ': ignored on left of 'DuiLib::EVENTTYPE_UI' when no variable is declared
E:\MedLaunch\Sincerely\zoom-sdk-windows-master\zoom-sdk-windows-master\demo\sdk_demo_v2\close_caption_ui.cpp(153,48): warning C4996: 'localtime': This function or variable may be unsafe. Consider using localtime_s instead. To disable deprecation, use _CRT_SECURE_NO_WARNINGS. See online help for details.
  close_caption_workflow.cpp
E:\MedLaunch\Sincerely\zoom-sdk-windows-master\zoom-sdk-windows-master\demo\DuiLib\include\Core\UIManager.h(45,2): warning C4091: 'typedef ': ignored on left of 'DuiLib::EVENTTYPE_UI' when no variable is declared
  CustomizedUIRecordMgr.cpp
E:\MedLaunch\Sincerely\zoom-sdk-windows-master\zoom-sdk-windows-master\demo\DuiLib\include\Core\UIManager.h(45,2): warning C4091: 'typedef ': ignored on left of 'DuiLib::EVENTTYPE_UI' when no variable is declared
  custom_ui_mgr.cpp
E:\MedLaunch\Sincerely\zoom-sdk-windows-master\zoom-sdk-windows-master\demo\DuiLib\include\Core\UIManager.h(45,2): warning C4091: 'typedef ': ignored on left of 'DuiLib::EVENTTYPE_UI' when no variable is declared
  custom_ui_mgr_flow.cpp
E:\MedLaunch\Sincerely\zoom-sdk-windows-master\zoom-sdk-windows-master\demo\DuiLib\include\Core\UIManager.h(45,2): warning C4091: 'typedef ': ignored on left of 'DuiLib::EVENTTYPE_UI' when no variable is declared
  custom_ui_share_flow.cpp
E:\MedLaunch\Sincerely\zoom-sdk-windows-master\zoom-sdk-windows-master\demo\DuiLib\include\Core\UIManager.h(45,2): warning C4091: 'typedef ': ignored on left of 'DuiLib::EVENTTYPE_UI' when no variable is declared
  custom_ui_share_mgr.cpp
E:\MedLaunch\Sincerely\zoom-sdk-windows-master\zoom-sdk-windows-master\demo\DuiLib\include\Core\UIManager.h(45,2): warning C4091: 'typedef ': ignored on left of 'DuiLib::EVENTTYPE_UI' when no variable is declared
E:\MedLaunch\Sincerely\zoom-sdk-windows-master\zoom-sdk-windows-master\demo\sdk_demo_v2\custom_ui_share_mgr.cpp(250,36): warning C4477: 'swscanf_s' : format string '%x' requires an argument of type 'unsigned int *', but variadic argument 1 has type 'HWND *'
  custom_ui_video_flow.cpp
E:\MedLaunch\Sincerely\zoom-sdk-windows-master\zoom-sdk-windows-master\demo\DuiLib\include\Core\UIManager.h(45,2): warning C4091: 'typedef ': ignored on left of 'DuiLib::EVENTTYPE_UI' when no variable is declared
  custom_ui_video_mgr.cpp
E:\MedLaunch\Sincerely\zoom-sdk-windows-master\zoom-sdk-windows-master\demo\DuiLib\include\Core\UIManager.h(45,2): warning C4091: 'typedef ': ignored on left of 'DuiLib::EVENTTYPE_UI' when no variable is declared
  dial_in_country_ui.cpp
E:\MedLaunch\Sincerely\zoom-sdk-windows-master\zoom-sdk-windows-master\demo\DuiLib\include\Core\UIManager.h(45,2): warning C4091: 'typedef ': ignored on left of 'DuiLib::EVENTTYPE_UI' when no variable is declared
  Generating Code...
  Compiling...
  display_cc_ui.cpp
E:\MedLaunch\Sincerely\zoom-sdk-windows-master\zoom-sdk-windows-master\demo\DuiLib\include\Core\UIManager.h(45,2): warning C4091: 'typedef ': ignored on left of 'DuiLib::EVENTTYPE_UI' when no variable is declared
  init_auth_sdk_workflow.cpp
E:\MedLaunch\Sincerely\zoom-sdk-windows-master\zoom-sdk-windows-master\demo\DuiLib\include\Core\UIManager.h(45,2): warning C4091: 'typedef ': ignored on left of 'DuiLib::EVENTTYPE_UI' when no variable is declared
  invitation_ui.cpp
E:\MedLaunch\Sincerely\zoom-sdk-windows-master\zoom-sdk-windows-master\demo\DuiLib\include\Core\UIManager.h(45,2): warning C4091: 'typedef ': ignored on left of 'DuiLib::EVENTTYPE_UI' when no variable is declared
  invitation_workflow.cpp
E:\MedLaunch\Sincerely\zoom-sdk-windows-master\zoom-sdk-windows-master\demo\DuiLib\include\Core\UIManager.h(45,2): warning C4091: 'typedef ': ignored on left of 'DuiLib::EVENTTYPE_UI' when no variable is declared
  Join_meeting_for_login_user_ui.cpp
E:\MedLaunch\Sincerely\zoom-sdk-windows-master\zoom-sdk-windows-master\demo\DuiLib\include\Core\UIManager.h(45,2): warning C4091: 'typedef ': ignored on left of 'DuiLib::EVENTTYPE_UI' when no variable is declared
  Join_meeting_for_login_user_workflow.cpp
E:\MedLaunch\Sincerely\zoom-sdk-windows-master\zoom-sdk-windows-master\demo\DuiLib\include\Core\UIManager.h(45,2): warning C4091: 'typedef ': ignored on left of 'DuiLib::EVENTTYPE_UI' when no variable is declared
  LoggedIn_sdk_controller_ui.cpp
E:\MedLaunch\Sincerely\zoom-sdk-windows-master\zoom-sdk-windows-master\demo\DuiLib\include\Core\UIManager.h(45,2): warning C4091: 'typedef ': ignored on left of 'DuiLib::EVENTTYPE_UI' when no variable is declared
  LoggedIn_sdk_controller_workflow.cpp
E:\MedLaunch\Sincerely\zoom-sdk-windows-master\zoom-sdk-windows-master\demo\DuiLib\include\Core\UIManager.h(45,2): warning C4091: 'typedef ': ignored on left of 'DuiLib::EVENTTYPE_UI' when no variable is declared
  LOGIN_join_meeting_only_workflow.cpp
E:\MedLaunch\Sincerely\zoom-sdk-windows-master\zoom-sdk-windows-master\demo\DuiLib\include\Core\UIManager.h(45,2): warning C4091: 'typedef ': ignored on left of 'DuiLib::EVENTTYPE_UI' when no variable is declared
  LOGIN_login_with_email_workflow.cpp
E:\MedLaunch\Sincerely\zoom-sdk-windows-master\zoom-sdk-windows-master\demo\DuiLib\include\Core\UIManager.h(45,2): warning C4091: 'typedef ': ignored on left of 'DuiLib::EVENTTYPE_UI' when no variable is declared
  LOGIN_login_with_sso_workflow.cpp
E:\MedLaunch\Sincerely\zoom-sdk-windows-master\zoom-sdk-windows-master\demo\DuiLib\include\Core\UIManager.h(45,2): warning C4091: 'typedef ': ignored on left of 'DuiLib::EVENTTYPE_UI' when no variable is declared
  LOGIN_restapi_without_login_workflow.cpp
E:\MedLaunch\Sincerely\zoom-sdk-windows-master\zoom-sdk-windows-master\demo\DuiLib\include\Core\UIManager.h(45,2): warning C4091: 'typedef ': ignored on left of 'DuiLib::EVENTTYPE_UI' when no variable is declared
  LOGIN_sdk_login_UI.cpp
E:\MedLaunch\Sincerely\zoom-sdk-windows-master\zoom-sdk-windows-master\demo\DuiLib\include\Core\UIManager.h(45,2): warning C4091: 'typedef ': ignored on left of 'DuiLib::EVENTTYPE_UI' when no variable is declared
  mess_info.cpp
E:\MedLaunch\Sincerely\zoom-sdk-windows-master\zoom-sdk-windows-master\demo\DuiLib\include\Core\UIManager.h(45,2): warning C4091: 'typedef ': ignored on left of 'DuiLib::EVENTTYPE_UI' when no variable is declared
E:\MedLaunch\Sincerely\zoom-sdk-windows-master\zoom-sdk-windows-master\demo\sdk_demo_v2\mess_info.cpp(72,48): warning C4244: '=': conversion from 'UINT64' to 'int', possible loss of data
  more_features_ui.cpp
E:\MedLaunch\Sincerely\zoom-sdk-windows-master\zoom-sdk-windows-master\demo\DuiLib\include\Core\UIManager.h(45,2): warning C4091: 'typedef ': ignored on left of 'DuiLib::EVENTTYPE_UI' when no variable is declared
  more_features_workflow.cpp
E:\MedLaunch\Sincerely\zoom-sdk-windows-master\zoom-sdk-windows-master\demo\DuiLib\include\Core\UIManager.h(45,2): warning C4091: 'typedef ': ignored on left of 'DuiLib::EVENTTYPE_UI' when no variable is declared
  more_menu_ui.cpp
E:\MedLaunch\Sincerely\zoom-sdk-windows-master\zoom-sdk-windows-master\demo\DuiLib\include\Core\UIManager.h(45,2): warning C4091: 'typedef ': ignored on left of 'DuiLib::EVENTTYPE_UI' when no variable is declared
  ParticipantPopMenu.cpp
E:\MedLaunch\Sincerely\zoom-sdk-windows-master\zoom-sdk-windows-master\demo\DuiLib\include\Core\UIManager.h(45,2): warning C4091: 'typedef ': ignored on left of 'DuiLib::EVENTTYPE_UI' when no variable is declared
  participant_ui.cpp
E:\MedLaunch\Sincerely\zoom-sdk-windows-master\zoom-sdk-windows-master\demo\DuiLib\include\Core\UIManager.h(45,2): warning C4091: 'typedef ': ignored on left of 'DuiLib::EVENTTYPE_UI' when no variable is declared
  schedule_meeting_ui.cpp
E:\MedLaunch\Sincerely\zoom-sdk-windows-master\zoom-sdk-windows-master\demo\DuiLib\include\Core\UIManager.h(45,2): warning C4091: 'typedef ': ignored on left of 'DuiLib::EVENTTYPE_UI' when no variable is declared
E:\MedLaunch\Sincerely\zoom-sdk-windows-master\zoom-sdk-windows-master\demo\sdk_demo_v2\schedule_meeting_ui.cpp(182,26): warning C4996: 'localtime': This function or variable may be unsafe. Consider using localtime_s instead. To disable deprecation, use _CRT_SECURE_NO_WARNINGS. See online help for details.
E:\MedLaunch\Sincerely\zoom-sdk-windows-master\zoom-sdk-windows-master\demo\sdk_demo_v2\schedule_meeting_ui.cpp(295,2): warning C4996: 'swscanf': This function or variable may be unsafe. Consider using swscanf_s instead. To disable deprecation, use _CRT_SECURE_NO_WARNINGS. See online help for details.
E:\MedLaunch\Sincerely\zoom-sdk-windows-master\zoom-sdk-windows-master\demo\sdk_demo_v2\schedule_meeting_ui.cpp(403,14): warning C4996: 'localtime': This function or variable may be unsafe. Consider using localtime_s instead. To disable deprecation, use _CRT_SECURE_NO_WARNINGS. See online help for details.
  Generating Code...
  Compiling...
  schedule_meeting_workflow.cpp
E:\MedLaunch\Sincerely\zoom-sdk-windows-master\zoom-sdk-windows-master\demo\DuiLib\include\Core\UIManager.h(45,2): warning C4091: 'typedef ': ignored on left of 'DuiLib::EVENTTYPE_UI' when no variable is declared
  sdk_demo_app.cpp
E:\MedLaunch\Sincerely\zoom-sdk-windows-master\zoom-sdk-windows-master\demo\DuiLib\include\Core\UIManager.h(45,2): warning C4091: 'typedef ': ignored on left of 'DuiLib::EVENTTYPE_UI' when no variable is declared
  sdk_demo_v2.cpp
E:\MedLaunch\Sincerely\zoom-sdk-windows-master\zoom-sdk-windows-master\demo\DuiLib\include\Core\UIManager.h(45,2): warning C4091: 'typedef ': ignored on left of 'DuiLib::EVENTTYPE_UI' when no variable is declared
  sdk_init_auth_ui.cpp
E:\MedLaunch\Sincerely\zoom-sdk-windows-master\zoom-sdk-windows-master\demo\DuiLib\include\Core\UIManager.h(45,2): warning C4091: 'typedef ': ignored on left of 'DuiLib::EVENTTYPE_UI' when no variable is declared
  sdk_util.cpp
E:\MedLaunch\Sincerely\zoom-sdk-windows-master\zoom-sdk-windows-master\demo\DuiLib\include\Core\UIManager.h(45,2): warning C4091: 'typedef ': ignored on left of 'DuiLib::EVENTTYPE_UI' when no variable is declared
  SETTINGS_audio_workflow.cpp
E:\MedLaunch\Sincerely\zoom-sdk-windows-master\zoom-sdk-windows-master\demo\DuiLib\include\Core\UIManager.h(45,2): warning C4091: 'typedef ': ignored on left of 'DuiLib::EVENTTYPE_UI' when no variable is declared
  SETTINGS_feature_custom_workflow.cpp
E:\MedLaunch\Sincerely\zoom-sdk-windows-master\zoom-sdk-windows-master\demo\DuiLib\include\Core\UIManager.h(45,2): warning C4091: 'typedef ': ignored on left of 'DuiLib::EVENTTYPE_UI' when no variable is declared
  SETTINGS_general_workflow.cpp
E:\MedLaunch\Sincerely\zoom-sdk-windows-master\zoom-sdk-windows-master\demo\DuiLib\include\Core\UIManager.h(45,2): warning C4091: 'typedef ': ignored on left of 'DuiLib::EVENTTYPE_UI' when no variable is declared
  SETTINGS_recording_workflow.cpp
E:\MedLaunch\Sincerely\zoom-sdk-windows-master\zoom-sdk-windows-master\demo\DuiLib\include\Core\UIManager.h(45,2): warning C4091: 'typedef ': ignored on left of 'DuiLib::EVENTTYPE_UI' when no variable is declared
  settings_ui.cpp
E:\MedLaunch\Sincerely\zoom-sdk-windows-master\zoom-sdk-windows-master\demo\DuiLib\include\Core\UIManager.h(45,2): warning C4091: 'typedef ': ignored on left of 'DuiLib::EVENTTYPE_UI' when no variable is declared
E:\MedLaunch\Sincerely\zoom-sdk-windows-master\zoom-sdk-windows-master\demo\sdk_demo_v2\settings_ui.cpp(3495,1): warning C4010: single-line comment contains line-continuation character
  SETTINGS_ui_custom_workflow.cpp
E:\MedLaunch\Sincerely\zoom-sdk-windows-master\zoom-sdk-windows-master\demo\DuiLib\include\Core\UIManager.h(45,2): warning C4091: 'typedef ': ignored on left of 'DuiLib::EVENTTYPE_UI' when no variable is declared
  SETTINGS_video_workflow.cpp
E:\MedLaunch\Sincerely\zoom-sdk-windows-master\zoom-sdk-windows-master\demo\DuiLib\include\Core\UIManager.h(45,2): warning C4091: 'typedef ': ignored on left of 'DuiLib::EVENTTYPE_UI' when no variable is declared
  SETTINGS_virtualBG_workflow.cpp
E:\MedLaunch\Sincerely\zoom-sdk-windows-master\zoom-sdk-windows-master\demo\DuiLib\include\Core\UIManager.h(45,2): warning C4091: 'typedef ': ignored on left of 'DuiLib::EVENTTYPE_UI' when no variable is declared
  ShareToolbarWindow.cpp
E:\MedLaunch\Sincerely\zoom-sdk-windows-master\zoom-sdk-windows-master\demo\DuiLib\include\Core\UIManager.h(45,2): warning C4091: 'typedef ': ignored on left of 'DuiLib::EVENTTYPE_UI' when no variable is declared
  toolbar_bottom_ui.cpp
E:\MedLaunch\Sincerely\zoom-sdk-windows-master\zoom-sdk-windows-master\demo\DuiLib\include\Core\UIManager.h(45,2): warning C4091: 'typedef ': ignored on left of 'DuiLib::EVENTTYPE_UI' when no variable is declared
  toolbar_bottom_workflow.cpp
E:\MedLaunch\Sincerely\zoom-sdk-windows-master\zoom-sdk-windows-master\demo\DuiLib\include\Core\UIManager.h(45,2): warning C4091: 'typedef ': ignored on left of 'DuiLib::EVENTTYPE_UI' when no variable is declared
  toolbar_manager.cpp
E:\MedLaunch\Sincerely\zoom-sdk-windows-master\zoom-sdk-windows-master\demo\DuiLib\include\Core\UIManager.h(45,2): warning C4091: 'typedef ': ignored on left of 'DuiLib::EVENTTYPE_UI' when no variable is declared
  user_manager.cpp
E:\MedLaunch\Sincerely\zoom-sdk-windows-master\zoom-sdk-windows-master\demo\DuiLib\include\Core\UIManager.h(45,2): warning C4091: 'typedef ': ignored on left of 'DuiLib::EVENTTYPE_UI' when no variable is declared
  util_window.cpp
E:\MedLaunch\Sincerely\zoom-sdk-windows-master\zoom-sdk-windows-master\demo\DuiLib\include\Core\UIManager.h(45,2): warning C4091: 'typedef ': ignored on left of 'DuiLib::EVENTTYPE_UI' when no variable is declared
  ViewOptionsWindow.cpp
E:\MedLaunch\Sincerely\zoom-sdk-windows-master\zoom-sdk-windows-master\demo\DuiLib\include\Core\UIManager.h(45,2): warning C4091: 'typedef ': ignored on left of 'DuiLib::EVENTTYPE_UI' when no variable is declared
  Generating Code...
  LINK : /LTCG specified but no code generation required; remove /LTCG from the link command line to improve linker performance
DuiLib.lib(StdAfx.obj) : warning LNK4099: PDB 'DuiLib_Static.pdb' was not found with 'DuiLib.lib(StdAfx.obj)' or at 'E:\MedLaunch\Sincerely\zoom-sdk-windows-master\zoom-sdk-windows-master\bin\DuiLib_Static.pdb'; linking object as if no debug info
DuiLib.lib(stb_image.obj) : warning LNK4099: PDB 'DuiLib_Static.pdb' was not found with 'DuiLib.lib(stb_image.obj)' or at 'E:\MedLaunch\Sincerely\zoom-sdk-windows-master\zoom-sdk-windows-master\bin\DuiLib_Static.pdb'; linking object as if no debug info
DuiLib.lib(UIDelegate.obj) : warning LNK4099: PDB 'DuiLib_Static.pdb' was not found with 'DuiLib.lib(UIDelegate.obj)' or at 'E:\MedLaunch\Sincerely\zoom-sdk-windows-master\zoom-sdk-windows-master\bin\DuiLib_Static.pdb'; linking object as if no debug info
DuiLib.lib(Utils.obj) : warning LNK4099: PDB 'DuiLib_Static.pdb' was not found with 'DuiLib.lib(Utils.obj)' or at 'E:\MedLaunch\Sincerely\zoom-sdk-windows-master\zoom-sdk-windows-master\bin\DuiLib_Static.pdb'; linking object as if no debug info
DuiLib.lib(XUnzip.obj) : warning LNK4099: PDB 'DuiLib_Static.pdb' was not found with 'DuiLib.lib(XUnzip.obj)' or at 'E:\MedLaunch\Sincerely\zoom-sdk-windows-master\zoom-sdk-windows-master\bin\DuiLib_Static.pdb'; linking object as if no debug info
DuiLib.lib(UIBase.obj) : warning LNK4099: PDB 'DuiLib_Static.pdb' was not found with 'DuiLib.lib(UIBase.obj)' or at 'E:\MedLaunch\Sincerely\zoom-sdk-windows-master\zoom-sdk-windows-master\bin\DuiLib_Static.pdb'; linking object as if no debug info
DuiLib.lib(UIContainer.obj) : warning LNK4099: PDB 'DuiLib_Static.pdb' was not found with 'DuiLib.lib(UIContainer.obj)' or at 'E:\MedLaunch\Sincerely\zoom-sdk-windows-master\zoom-sdk-windows-master\bin\DuiLib_Static.pdb'; linking object as if no debug info
DuiLib.lib(UIControl.obj) : warning LNK4099: PDB 'DuiLib_Static.pdb' was not found with 'DuiLib.lib(UIControl.obj)' or at 'E:\MedLaunch\Sincerely\zoom-sdk-windows-master\zoom-sdk-windows-master\bin\DuiLib_Static.pdb'; linking object as if no debug info
DuiLib.lib(UIDlgBuilder.obj) : warning LNK4099: PDB 'DuiLib_Static.pdb' was not found with 'DuiLib.lib(UIDlgBuilder.obj)' or at 'E:\MedLaunch\Sincerely\zoom-sdk-windows-master\zoom-sdk-windows-master\bin\DuiLib_Static.pdb'; linking object as if no debug info
DuiLib.lib(UIManager.obj) : warning LNK4099: PDB 'DuiLib_Static.pdb' was not found with 'DuiLib.lib(UIManager.obj)' or at 'E:\MedLaunch\Sincerely\zoom-sdk-windows-master\zoom-sdk-windows-master\bin\DuiLib_Static.pdb'; linking object as if no debug info
DuiLib.lib(UIMarkup.obj) : warning LNK4099: PDB 'DuiLib_Static.pdb' was not found with 'DuiLib.lib(UIMarkup.obj)' or at 'E:\MedLaunch\Sincerely\zoom-sdk-windows-master\zoom-sdk-windows-master\bin\DuiLib_Static.pdb'; linking object as if no debug info
DuiLib.lib(UIRender.obj) : warning LNK4099: PDB 'DuiLib_Static.pdb' was not found with 'DuiLib.lib(UIRender.obj)' or at 'E:\MedLaunch\Sincerely\zoom-sdk-windows-master\zoom-sdk-windows-master\bin\DuiLib_Static.pdb'; linking object as if no debug info
DuiLib.lib(UIChildLayout.obj) : warning LNK4099: PDB 'DuiLib_Static.pdb' was not found with 'DuiLib.lib(UIChildLayout.obj)' or at 'E:\MedLaunch\Sincerely\zoom-sdk-windows-master\zoom-sdk-windows-master\bin\DuiLib_Static.pdb'; linking object as if no debug info
DuiLib.lib(UIHorizontalLayout.obj) : warning LNK4099: PDB 'DuiLib_Static.pdb' was not found with 'DuiLib.lib(UIHorizontalLayout.obj)' or at 'E:\MedLaunch\Sincerely\zoom-sdk-windows-master\zoom-sdk-windows-master\bin\DuiLib_Static.pdb'; linking object as if no debug info
DuiLib.lib(UITabLayout.obj) : warning LNK4099: PDB 'DuiLib_Static.pdb' was not found with 'DuiLib.lib(UITabLayout.obj)' or at 'E:\MedLaunch\Sincerely\zoom-sdk-windows-master\zoom-sdk-windows-master\bin\DuiLib_Static.pdb'; linking object as if no debug info
DuiLib.lib(UITileLayout.obj) : warning LNK4099: PDB 'DuiLib_Static.pdb' was not found with 'DuiLib.lib(UITileLayout.obj)' or at 'E:\MedLaunch\Sincerely\zoom-sdk-windows-master\zoom-sdk-windows-master\bin\DuiLib_Static.pdb'; linking object as if no debug info
DuiLib.lib(UIVerticalLayout.obj) : warning LNK4099: PDB 'DuiLib_Static.pdb' was not found with 'DuiLib.lib(UIVerticalLayout.obj)' or at 'E:\MedLaunch\Sincerely\zoom-sdk-windows-master\zoom-sdk-windows-master\bin\DuiLib_Static.pdb'; linking object as if no debug info
DuiLib.lib(UIActiveX.obj) : warning LNK4099: PDB 'DuiLib_Static.pdb' was not found with 'DuiLib.lib(UIActiveX.obj)' or at 'E:\MedLaunch\Sincerely\zoom-sdk-windows-master\zoom-sdk-windows-master\bin\DuiLib_Static.pdb'; linking object as if no debug info
DuiLib.lib(UIButton.obj) : warning LNK4099: PDB 'DuiLib_Static.pdb' was not found with 'DuiLib.lib(UIButton.obj)' or at 'E:\MedLaunch\Sincerely\zoom-sdk-windows-master\zoom-sdk-windows-master\bin\DuiLib_Static.pdb'; linking object as if no debug info
DuiLib.lib(UICheckBox.obj) : warning LNK4099: PDB 'DuiLib_Static.pdb' was not found with 'DuiLib.lib(UICheckBox.obj)' or at 'E:\MedLaunch\Sincerely\zoom-sdk-windows-master\zoom-sdk-windows-master\bin\DuiLib_Static.pdb'; linking object as if no debug info
DuiLib.lib(UICombo.obj) : warning LNK4099: PDB 'DuiLib_Static.pdb' was not found with 'DuiLib.lib(UICombo.obj)' or at 'E:\MedLaunch\Sincerely\zoom-sdk-windows-master\zoom-sdk-windows-master\bin\DuiLib_Static.pdb'; linking object as if no debug info
DuiLib.lib(UIDateTime.obj) : warning LNK4099: PDB 'DuiLib_Static.pdb' was not found with 'DuiLib.lib(UIDateTime.obj)' or at 'E:\MedLaunch\Sincerely\zoom-sdk-windows-master\zoom-sdk-windows-master\bin\DuiLib_Static.pdb'; linking object as if no debug info
DuiLib.lib(UIEdit.obj) : warning LNK4099: PDB 'DuiLib_Static.pdb' was not found with 'DuiLib.lib(UIEdit.obj)' or at 'E:\MedLaunch\Sincerely\zoom-sdk-windows-master\zoom-sdk-windows-master\bin\DuiLib_Static.pdb'; linking object as if no debug info
DuiLib.lib(UIGifAnim.obj) : warning LNK4099: PDB 'DuiLib_Static.pdb' was not found with 'DuiLib.lib(UIGifAnim.obj)' or at 'E:\MedLaunch\Sincerely\zoom-sdk-windows-master\zoom-sdk-windows-master\bin\DuiLib_Static.pdb'; linking object as if no debug info
DuiLib.lib(UILabel.obj) : warning LNK4099: PDB 'DuiLib_Static.pdb' was not found with 'DuiLib.lib(UILabel.obj)' or at 'E:\MedLaunch\Sincerely\zoom-sdk-windows-master\zoom-sdk-windows-master\bin\DuiLib_Static.pdb'; linking object as if no debug info
DuiLib.lib(UIList.obj) : warning LNK4099: PDB 'DuiLib_Static.pdb' was not found with 'DuiLib.lib(UIList.obj)' or at 'E:\MedLaunch\Sincerely\zoom-sdk-windows-master\zoom-sdk-windows-master\bin\DuiLib_Static.pdb'; linking object as if no debug info
DuiLib.lib(UIOption.obj) : warning LNK4099: PDB 'DuiLib_Static.pdb' was not found with 'DuiLib.lib(UIOption.obj)' or at 'E:\MedLaunch\Sincerely\zoom-sdk-windows-master\zoom-sdk-windows-master\bin\DuiLib_Static.pdb'; linking object as if no debug info
DuiLib.lib(UIProgress.obj) : warning LNK4099: PDB 'DuiLib_Static.pdb' was not found with 'DuiLib.lib(UIProgress.obj)' or at 'E:\MedLaunch\Sincerely\zoom-sdk-windows-master\zoom-sdk-windows-master\bin\DuiLib_Static.pdb'; linking object as if no debug info
DuiLib.lib(UIRichEdit.obj) : warning LNK4099: PDB 'DuiLib_Static.pdb' was not found with 'DuiLib.lib(UIRichEdit.obj)' or at 'E:\MedLaunch\Sincerely\zoom-sdk-windows-master\zoom-sdk-windows-master\bin\DuiLib_Static.pdb'; linking object as if no debug info
DuiLib.lib(UIScrollBar.obj) : warning LNK4099: PDB 'DuiLib_Static.pdb' was not found with 'DuiLib.lib(UIScrollBar.obj)' or at 'E:\MedLaunch\Sincerely\zoom-sdk-windows-master\zoom-sdk-windows-master\bin\DuiLib_Static.pdb'; linking object as if no debug info
DuiLib.lib(UISlider.obj) : warning LNK4099: PDB 'DuiLib_Static.pdb' was not found with 'DuiLib.lib(UISlider.obj)' or at 'E:\MedLaunch\Sincerely\zoom-sdk-windows-master\zoom-sdk-windows-master\bin\DuiLib_Static.pdb'; linking object as if no debug info
DuiLib.lib(UIText.obj) : warning LNK4099: PDB 'DuiLib_Static.pdb' was not found with 'DuiLib.lib(UIText.obj)' or at 'E:\MedLaunch\Sincerely\zoom-sdk-windows-master\zoom-sdk-windows-master\bin\DuiLib_Static.pdb'; linking object as if no debug info
DuiLib.lib(UITreeView.obj) : warning LNK4099: PDB 'DuiLib_Static.pdb' was not found with 'DuiLib.lib(UITreeView.obj)' or at 'E:\MedLaunch\Sincerely\zoom-sdk-windows-master\zoom-sdk-windows-master\bin\DuiLib_Static.pdb'; linking object as if no debug info
DuiLib.lib(UIWebBrowser.obj) : warning LNK4099: PDB 'DuiLib_Static.pdb' was not found with 'DuiLib.lib(UIWebBrowser.obj)' or at 'E:\MedLaunch\Sincerely\zoom-sdk-windows-master\zoom-sdk-windows-master\bin\DuiLib_Static.pdb'; linking object as if no debug info
  sdk_demo_v2.vcxproj -> E:\MedLaunch\Sincerely\zoom-sdk-windows-master\zoom-sdk-windows-master\demo\sdk_demo_v2\..\..\bin\sdk_demo_v2.exe
