c:\users\anzhou\downloads\medlaunchcheers-master\medlaunchcheers-master\bin\sdk_demo_v2.exe
c:\users\anzhou\downloads\medlaunchcheers-master\medlaunchcheers-master\bin\sdk_demo_v2.map
c:\users\anzhou\downloads\medlaunchcheers-master\medlaunchcheers-master\bin\sdk_demo_v2.pdb
c:\users\anzhou\downloads\medlaunchcheers-master\medlaunchcheers-master\cheersapp\cheersapp\release\sdk_demo_v2.res
c:\users\anzhou\downloads\medlaunchcheers-master\medlaunchcheers-master\cheersapp\cheersapp\release\sdk_demo_v2.pch
c:\users\anzhou\downloads\medlaunchcheers-master\medlaunchcheers-master\cheersapp\cheersapp\release\vc142.pdb
c:\users\anzhou\downloads\medlaunchcheers-master\medlaunchcheers-master\cheersapp\cheersapp\release\stdafx.obj
c:\users\anzhou\downloads\medlaunchcheers-master\medlaunchcheers-master\cheersapp\cheersapp\release\display_cc_ui.obj
c:\users\anzhou\downloads\medlaunchcheers-master\medlaunchcheers-master\cheersapp\cheersapp\release\custom_ui_video_mgr.obj
c:\users\anzhou\downloads\medlaunchcheers-master\medlaunchcheers-master\cheersapp\cheersapp\release\custom_ui_video_flow.obj
c:\users\anzhou\downloads\medlaunchcheers-master\medlaunchcheers-master\cheersapp\cheersapp\release\custom_ui_share_mgr.obj
c:\users\anzhou\downloads\medlaunchcheers-master\medlaunchcheers-master\cheersapp\cheersapp\release\custom_ui_share_flow.obj
c:\users\anzhou\downloads\medlaunchcheers-master\medlaunchcheers-master\cheersapp\cheersapp\release\custom_ui_mgr_flow.obj
c:\users\anzhou\downloads\medlaunchcheers-master\medlaunchcheers-master\cheersapp\cheersapp\release\custom_ui_mgr.obj
c:\users\anzhou\downloads\medlaunchcheers-master\medlaunchcheers-master\cheersapp\cheersapp\release\customizeduirecordmgr.obj
c:\users\anzhou\downloads\medlaunchcheers-master\medlaunchcheers-master\cheersapp\cheersapp\release\close_caption_workflow.obj
c:\users\anzhou\downloads\medlaunchcheers-master\medlaunchcheers-master\cheersapp\cheersapp\release\close_caption_ui.obj
c:\users\anzhou\downloads\medlaunchcheers-master\medlaunchcheers-master\cheersapp\cheersapp\release\chat_controller_workflow.obj
c:\users\anzhou\downloads\medlaunchcheers-master\medlaunchcheers-master\cheersapp\cheersapp\release\chat_controller_ui.obj
c:\users\anzhou\downloads\medlaunchcheers-master\medlaunchcheers-master\cheersapp\cheersapp\release\cameracontrolwindow.obj
c:\users\anzhou\downloads\medlaunchcheers-master\medlaunchcheers-master\cheersapp\cheersapp\release\arrow_window.obj
c:\users\anzhou\downloads\medlaunchcheers-master\medlaunchcheers-master\cheersapp\cheersapp\release\annotatestampwindow.obj
c:\users\anzhou\downloads\medlaunchcheers-master\medlaunchcheers-master\cheersapp\cheersapp\release\annotatespolightwindow.obj
c:\users\anzhou\downloads\medlaunchcheers-master\medlaunchcheers-master\cheersapp\cheersapp\release\annotateformatwindow.obj
c:\users\anzhou\downloads\medlaunchcheers-master\medlaunchcheers-master\cheersapp\cheersapp\release\annotatedrawwindow.obj
c:\users\anzhou\downloads\medlaunchcheers-master\medlaunchcheers-master\cheersapp\cheersapp\release\annotateclearwindow.obj
c:\users\anzhou\downloads\medlaunchcheers-master\medlaunchcheers-master\cheersapp\cheersapp\release\annotatebarwindow.obj
c:\users\anzhou\downloads\medlaunchcheers-master\medlaunchcheers-master\cheersapp\cheersapp\release\schedule_meeting_workflow.obj
c:\users\anzhou\downloads\medlaunchcheers-master\medlaunchcheers-master\cheersapp\cheersapp\release\schedule_meeting_ui.obj
c:\users\anzhou\downloads\medlaunchcheers-master\medlaunchcheers-master\cheersapp\cheersapp\release\participant_ui.obj
c:\users\anzhou\downloads\medlaunchcheers-master\medlaunchcheers-master\cheersapp\cheersapp\release\participantpopmenu.obj
c:\users\anzhou\downloads\medlaunchcheers-master\medlaunchcheers-master\cheersapp\cheersapp\release\more_menu_ui.obj
c:\users\anzhou\downloads\medlaunchcheers-master\medlaunchcheers-master\cheersapp\cheersapp\release\more_features_workflow.obj
c:\users\anzhou\downloads\medlaunchcheers-master\medlaunchcheers-master\cheersapp\cheersapp\release\more_features_ui.obj
c:\users\anzhou\downloads\medlaunchcheers-master\medlaunchcheers-master\cheersapp\cheersapp\release\mess_info.obj
c:\users\anzhou\downloads\medlaunchcheers-master\medlaunchcheers-master\cheersapp\cheersapp\release\login_sdk_login_ui.obj
c:\users\anzhou\downloads\medlaunchcheers-master\medlaunchcheers-master\cheersapp\cheersapp\release\login_restapi_without_login_workflow.obj
c:\users\anzhou\downloads\medlaunchcheers-master\medlaunchcheers-master\cheersapp\cheersapp\release\login_login_with_sso_workflow.obj
c:\users\anzhou\downloads\medlaunchcheers-master\medlaunchcheers-master\cheersapp\cheersapp\release\login_login_with_email_workflow.obj
c:\users\anzhou\downloads\medlaunchcheers-master\medlaunchcheers-master\cheersapp\cheersapp\release\login_join_meeting_only_workflow.obj
c:\users\anzhou\downloads\medlaunchcheers-master\medlaunchcheers-master\cheersapp\cheersapp\release\loggedin_sdk_controller_workflow.obj
c:\users\anzhou\downloads\medlaunchcheers-master\medlaunchcheers-master\cheersapp\cheersapp\release\loggedin_sdk_controller_ui.obj
c:\users\anzhou\downloads\medlaunchcheers-master\medlaunchcheers-master\cheersapp\cheersapp\release\join_meeting_for_login_user_workflow.obj
c:\users\anzhou\downloads\medlaunchcheers-master\medlaunchcheers-master\cheersapp\cheersapp\release\join_meeting_for_login_user_ui.obj
c:\users\anzhou\downloads\medlaunchcheers-master\medlaunchcheers-master\cheersapp\cheersapp\release\invitation_workflow.obj
c:\users\anzhou\downloads\medlaunchcheers-master\medlaunchcheers-master\cheersapp\cheersapp\release\invitation_ui.obj
c:\users\anzhou\downloads\medlaunchcheers-master\medlaunchcheers-master\cheersapp\cheersapp\release\init_auth_sdk_workflow.obj
c:\users\anzhou\downloads\medlaunchcheers-master\medlaunchcheers-master\cheersapp\cheersapp\release\viewoptionswindow.obj
c:\users\anzhou\downloads\medlaunchcheers-master\medlaunchcheers-master\cheersapp\cheersapp\release\util_window.obj
c:\users\anzhou\downloads\medlaunchcheers-master\medlaunchcheers-master\cheersapp\cheersapp\release\user_manager.obj
c:\users\anzhou\downloads\medlaunchcheers-master\medlaunchcheers-master\cheersapp\cheersapp\release\toolbar_manager.obj
c:\users\anzhou\downloads\medlaunchcheers-master\medlaunchcheers-master\cheersapp\cheersapp\release\toolbar_bottom_workflow.obj
c:\users\anzhou\downloads\medlaunchcheers-master\medlaunchcheers-master\cheersapp\cheersapp\release\toolbar_bottom_ui.obj
c:\users\anzhou\downloads\medlaunchcheers-master\medlaunchcheers-master\cheersapp\cheersapp\release\sharetoolbarwindow.obj
c:\users\anzhou\downloads\medlaunchcheers-master\medlaunchcheers-master\cheersapp\cheersapp\release\settings_virtualbg_workflow.obj
c:\users\anzhou\downloads\medlaunchcheers-master\medlaunchcheers-master\cheersapp\cheersapp\release\settings_video_workflow.obj
c:\users\anzhou\downloads\medlaunchcheers-master\medlaunchcheers-master\cheersapp\cheersapp\release\settings_ui_custom_workflow.obj
c:\users\anzhou\downloads\medlaunchcheers-master\medlaunchcheers-master\cheersapp\cheersapp\release\settings_ui.obj
c:\users\anzhou\downloads\medlaunchcheers-master\medlaunchcheers-master\cheersapp\cheersapp\release\settings_share_workflow.obj
c:\users\anzhou\downloads\medlaunchcheers-master\medlaunchcheers-master\cheersapp\cheersapp\release\settings_recording_workflow.obj
c:\users\anzhou\downloads\medlaunchcheers-master\medlaunchcheers-master\cheersapp\cheersapp\release\settings_general_workflow.obj
c:\users\anzhou\downloads\medlaunchcheers-master\medlaunchcheers-master\cheersapp\cheersapp\release\settings_feature_custom_workflow.obj
c:\users\anzhou\downloads\medlaunchcheers-master\medlaunchcheers-master\cheersapp\cheersapp\release\settings_audio_workflow.obj
c:\users\anzhou\downloads\medlaunchcheers-master\medlaunchcheers-master\cheersapp\cheersapp\release\sdk_util.obj
c:\users\anzhou\downloads\medlaunchcheers-master\medlaunchcheers-master\cheersapp\cheersapp\release\sdk_init_auth_ui.obj
c:\users\anzhou\downloads\medlaunchcheers-master\medlaunchcheers-master\cheersapp\cheersapp\release\sdk_demo_v2.obj
c:\users\anzhou\downloads\medlaunchcheers-master\medlaunchcheers-master\cheersapp\cheersapp\release\sdk_demo_app.obj
c:\users\anzhou\downloads\medlaunchcheers-master\medlaunchcheers-master\cheersapp\cheersapp\release\dial_in_country_ui.obj
c:\users\anzhou\downloads\medlaunchcheers-master\medlaunchcheers-master\cheersapp\cheersapp\..\..\bin\sdk_demo_v2.exe
c:\users\anzhou\downloads\medlaunchcheers-master\medlaunchcheers-master\cheersapp\cheersapp\release\sdk_demo_v2.tlog\cl.command.1.tlog
c:\users\anzhou\downloads\medlaunchcheers-master\medlaunchcheers-master\cheersapp\cheersapp\release\sdk_demo_v2.tlog\link.command.1.tlog
c:\users\anzhou\downloads\medlaunchcheers-master\medlaunchcheers-master\cheersapp\cheersapp\release\sdk_demo_v2.tlog\rc.command.1.tlog
c:\users\anzhou\downloads\medlaunchcheers-master\medlaunchcheers-master\cheersapp\cheersapp\release\sdk_demo_v2.tlog\link.write.1.tlog
c:\users\anzhou\downloads\medlaunchcheers-master\medlaunchcheers-master\cheersapp\cheersapp\release\sdk_demo_v2.tlog\rc.write.1.tlog
c:\users\anzhou\downloads\medlaunchcheers-master\medlaunchcheers-master\cheersapp\cheersapp\release\sdk_demo_v2.tlog\cl.write.1.tlog
c:\users\anzhou\downloads\medlaunchcheers-master\medlaunchcheers-master\cheersapp\cheersapp\release\sdk_demo_v2.tlog\rc.read.1.tlog
c:\users\anzhou\downloads\medlaunchcheers-master\medlaunchcheers-master\cheersapp\cheersapp\release\sdk_demo_v2.tlog\link.read.1.tlog
c:\users\anzhou\downloads\medlaunchcheers-master\medlaunchcheers-master\cheersapp\cheersapp\release\sdk_demo_v2.tlog\cl.read.1.tlog
c:\users\anzhou\downloads\medlaunchcheers-master\medlaunchcheers-master\cheersapp\cheersapp\release\sdk_demo_v2.tlog\link.delete.1.tlog
